<?xml version="1.0" encoding="UTF-8"?>
<!-- Generated by org.testng.reporters.JUnitReportReporter -->
<testsuite hostname="Neeta-Toronto" failures="0" tests="1" name="testLayer.Child" time="61.478" errors="0" timestamp="2023-12-28T12:04:28 EST" skipped="0">
  <testcase classname="testLayer.Child" name="test1" time="61.478"/>
</testsuite> <!-- testLayer.Child -->
